-------------------------------------------------------------------------------
Test set: Login as Usertype
-------------------------------------------------------------------------------
Tests run: 3, Failures: 1, Errors: 0, Skipped: 0, Time elapsed: 69.778 s <<< FAILURE! - in Login as Usertype
Login with Different Accounts(Login as Usertype)  Time elapsed: 38.657 s  <<< FAILURE!
java.lang.AssertionError

